0 info it worked if it ends with ok
1 verbose cli [ 'C:\\Program Files\\nodejs\\node.exe',
1 verbose cli   'C:\\Program Files\\nodejs\\node_modules\\npm\\bin\\npm-cli.js',
1 verbose cli   'install',
1 verbose cli   'bcrypt',
1 verbose cli   '--save' ]
2 info using npm@3.7.5
3 info using node@v4.2.3
4 silly loadCurrentTree Starting
5 silly install loadCurrentTree
6 silly install readLocalPackageData
7 silly fetchPackageMetaData bcrypt
8 silly fetchNamedPackageData bcrypt
9 silly mapToRegistry name bcrypt
10 silly mapToRegistry using default registry
11 silly mapToRegistry registry https://registry.npmjs.org/
12 silly mapToRegistry uri https://registry.npmjs.org/bcrypt
13 verbose request uri https://registry.npmjs.org/bcrypt
14 verbose request no auth needed
15 info attempt registry request try #1 at 3:11:34 PM
16 verbose request id 0acc6a94229ac618
17 verbose etag "93KOADWNFNMTQJB92MGWGTXE5"
18 http request GET https://registry.npmjs.org/bcrypt
19 http 304 https://registry.npmjs.org/bcrypt
20 verbose headers { date: 'Mon, 07 Mar 2016 09:41:35 GMT',
20 verbose headers   via: '1.1 varnish',
20 verbose headers   'cache-control': 'max-age=300',
20 verbose headers   etag: '"93KOADWNFNMTQJB92MGWGTXE5"',
20 verbose headers   age: '0',
20 verbose headers   connection: 'keep-alive',
20 verbose headers   'x-served-by': 'cache-sin6927-SIN',
20 verbose headers   'x-cache': 'HIT',
20 verbose headers   'x-cache-hits': '1',
20 verbose headers   'x-timer': 'S1457343695.523081,VS0,VE252',
20 verbose headers   vary: 'Accept' }
21 silly get cb [ 304,
21 silly get   { date: 'Mon, 07 Mar 2016 09:41:35 GMT',
21 silly get     via: '1.1 varnish',
21 silly get     'cache-control': 'max-age=300',
21 silly get     etag: '"93KOADWNFNMTQJB92MGWGTXE5"',
21 silly get     age: '0',
21 silly get     connection: 'keep-alive',
21 silly get     'x-served-by': 'cache-sin6927-SIN',
21 silly get     'x-cache': 'HIT',
21 silly get     'x-cache-hits': '1',
21 silly get     'x-timer': 'S1457343695.523081,VS0,VE252',
21 silly get     vary: 'Accept' } ]
22 verbose etag https://registry.npmjs.org/bcrypt from cache
23 verbose get saving bcrypt to C:\Users\rahul.upadhyaya\AppData\Roaming\npm-cache\registry.npmjs.org\bcrypt\.cache.json
24 verbose correctMkdir C:\Users\rahul.upadhyaya\AppData\Roaming\npm-cache correctMkdir not in flight; initializing
25 silly install normalizeTree
26 silly loadCurrentTree Finishing
27 silly loadIdealTree Starting
28 silly install loadIdealTree
29 silly cloneCurrentTree Starting
30 silly install cloneCurrentTreeToIdealTree
31 silly cloneCurrentTree Finishing
32 silly loadShrinkwrap Starting
33 silly install loadShrinkwrap
34 silly loadShrinkwrap Finishing
35 silly loadAllDepsIntoIdealTree Starting
36 silly install loadAllDepsIntoIdealTree
37 silly resolveWithNewModule bcrypt@0.8.5 checking installable status
38 silly cache add args [ 'bcrypt', null ]
39 verbose cache add spec bcrypt
40 silly cache add parsed spec Result {
40 silly cache add   raw: 'bcrypt',
40 silly cache add   scope: null,
40 silly cache add   name: 'bcrypt',
40 silly cache add   rawSpec: '',
40 silly cache add   spec: 'latest',
40 silly cache add   type: 'tag' }
41 silly addNamed bcrypt@latest
42 verbose addNamed "latest" is being treated as a dist-tag for bcrypt
43 info addNameTag [ 'bcrypt', 'latest' ]
44 silly mapToRegistry name bcrypt
45 silly mapToRegistry using default registry
46 silly mapToRegistry registry https://registry.npmjs.org/
47 silly mapToRegistry uri https://registry.npmjs.org/bcrypt
48 verbose addNameTag registry:https://registry.npmjs.org/bcrypt not in flight; fetching
49 verbose get https://registry.npmjs.org/bcrypt not expired, no request
50 silly addNameTag next cb for bcrypt with tag latest
51 silly addNamed bcrypt@0.8.5
52 verbose addNamed "0.8.5" is a plain semver version for bcrypt
53 silly cache afterAdd bcrypt@0.8.5
54 verbose afterAdd C:\Users\rahul.upadhyaya\AppData\Roaming\npm-cache\bcrypt\0.8.5\package\package.json not in flight; writing
55 verbose correctMkdir C:\Users\rahul.upadhyaya\AppData\Roaming\npm-cache correctMkdir not in flight; initializing
56 verbose afterAdd C:\Users\rahul.upadhyaya\AppData\Roaming\npm-cache\bcrypt\0.8.5\package\package.json written
57 silly fetchNamedPackageData bindings
58 silly mapToRegistry name bindings
59 silly mapToRegistry using default registry
60 silly mapToRegistry registry https://registry.npmjs.org/
61 silly mapToRegistry uri https://registry.npmjs.org/bindings
62 silly fetchNamedPackageData nan
63 silly mapToRegistry name nan
64 silly mapToRegistry using default registry
65 silly mapToRegistry registry https://registry.npmjs.org/
66 silly mapToRegistry uri https://registry.npmjs.org/nan
67 verbose request uri https://registry.npmjs.org/bindings
68 verbose request no auth needed
69 info attempt registry request try #1 at 3:11:35 PM
70 verbose etag "1LLBF9OH58DLBEL4629U6032D"
71 http request GET https://registry.npmjs.org/bindings
72 verbose request uri https://registry.npmjs.org/nan
73 verbose request no auth needed
74 info attempt registry request try #1 at 3:11:35 PM
75 verbose etag "BAVERG4EG5W3XHF012VJBMBOB"
76 http request GET https://registry.npmjs.org/nan
77 http 304 https://registry.npmjs.org/bindings
78 verbose headers { date: 'Mon, 07 Mar 2016 09:41:36 GMT',
78 verbose headers   via: '1.1 varnish',
78 verbose headers   'cache-control': 'max-age=300',
78 verbose headers   etag: '"1LLBF9OH58DLBEL4629U6032D"',
78 verbose headers   age: '249',
78 verbose headers   connection: 'keep-alive',
78 verbose headers   'x-served-by': 'cache-sin6926-SIN',
78 verbose headers   'x-cache': 'HIT',
78 verbose headers   'x-cache-hits': '7',
78 verbose headers   'x-timer': 'S1457343696.261353,VS0,VE0',
78 verbose headers   vary: 'Accept' }
79 silly get cb [ 304,
79 silly get   { date: 'Mon, 07 Mar 2016 09:41:36 GMT',
79 silly get     via: '1.1 varnish',
79 silly get     'cache-control': 'max-age=300',
79 silly get     etag: '"1LLBF9OH58DLBEL4629U6032D"',
79 silly get     age: '249',
79 silly get     connection: 'keep-alive',
79 silly get     'x-served-by': 'cache-sin6926-SIN',
79 silly get     'x-cache': 'HIT',
79 silly get     'x-cache-hits': '7',
79 silly get     'x-timer': 'S1457343696.261353,VS0,VE0',
79 silly get     vary: 'Accept' } ]
80 verbose etag https://registry.npmjs.org/bindings from cache
81 verbose get saving bindings to C:\Users\rahul.upadhyaya\AppData\Roaming\npm-cache\registry.npmjs.org\bindings\.cache.json
82 verbose correctMkdir C:\Users\rahul.upadhyaya\AppData\Roaming\npm-cache correctMkdir not in flight; initializing
83 silly resolveWithNewModule bindings@1.2.1 checking installable status
84 silly cache add args [ 'bindings@1.2.1', null ]
85 verbose cache add spec bindings@1.2.1
86 silly cache add parsed spec Result {
86 silly cache add   raw: 'bindings@1.2.1',
86 silly cache add   scope: null,
86 silly cache add   name: 'bindings',
86 silly cache add   rawSpec: '1.2.1',
86 silly cache add   spec: '1.2.1',
86 silly cache add   type: 'version' }
87 silly addNamed bindings@1.2.1
88 verbose addNamed "1.2.1" is a plain semver version for bindings
89 silly mapToRegistry name bindings
90 silly mapToRegistry using default registry
91 silly mapToRegistry registry https://registry.npmjs.org/
92 silly mapToRegistry uri https://registry.npmjs.org/bindings
93 verbose addNameVersion registry:https://registry.npmjs.org/bindings not in flight; fetching
94 verbose get https://registry.npmjs.org/bindings not expired, no request
95 silly cache afterAdd bindings@1.2.1
96 verbose afterAdd C:\Users\rahul.upadhyaya\AppData\Roaming\npm-cache\bindings\1.2.1\package\package.json not in flight; writing
97 verbose correctMkdir C:\Users\rahul.upadhyaya\AppData\Roaming\npm-cache correctMkdir not in flight; initializing
98 verbose afterAdd C:\Users\rahul.upadhyaya\AppData\Roaming\npm-cache\bindings\1.2.1\package\package.json written
99 http 304 https://registry.npmjs.org/nan
100 verbose headers { date: 'Mon, 07 Mar 2016 09:41:37 GMT',
100 verbose headers   via: '1.1 varnish',
100 verbose headers   'cache-control': 'max-age=300',
100 verbose headers   etag: '"BAVERG4EG5W3XHF012VJBMBOB"',
100 verbose headers   age: '172',
100 verbose headers   connection: 'keep-alive',
100 verbose headers   'x-served-by': 'cache-sin6926-SIN',
100 verbose headers   'x-cache': 'HIT',
100 verbose headers   'x-cache-hits': '7',
100 verbose headers   'x-timer': 'S1457343697.189112,VS0,VE0',
100 verbose headers   vary: 'Accept' }
101 silly get cb [ 304,
101 silly get   { date: 'Mon, 07 Mar 2016 09:41:37 GMT',
101 silly get     via: '1.1 varnish',
101 silly get     'cache-control': 'max-age=300',
101 silly get     etag: '"BAVERG4EG5W3XHF012VJBMBOB"',
101 silly get     age: '172',
101 silly get     connection: 'keep-alive',
101 silly get     'x-served-by': 'cache-sin6926-SIN',
101 silly get     'x-cache': 'HIT',
101 silly get     'x-cache-hits': '7',
101 silly get     'x-timer': 'S1457343697.189112,VS0,VE0',
101 silly get     vary: 'Accept' } ]
102 verbose etag https://registry.npmjs.org/nan from cache
103 verbose get saving nan to C:\Users\rahul.upadhyaya\AppData\Roaming\npm-cache\registry.npmjs.org\nan\.cache.json
104 verbose correctMkdir C:\Users\rahul.upadhyaya\AppData\Roaming\npm-cache correctMkdir not in flight; initializing
105 silly resolveWithNewModule nan@2.0.5 checking installable status
106 silly cache add args [ 'nan@2.0.5', null ]
107 verbose cache add spec nan@2.0.5
108 silly cache add parsed spec Result {
108 silly cache add   raw: 'nan@2.0.5',
108 silly cache add   scope: null,
108 silly cache add   name: 'nan',
108 silly cache add   rawSpec: '2.0.5',
108 silly cache add   spec: '2.0.5',
108 silly cache add   type: 'version' }
109 silly addNamed nan@2.0.5
110 verbose addNamed "2.0.5" is a plain semver version for nan
111 silly mapToRegistry name nan
112 silly mapToRegistry using default registry
113 silly mapToRegistry registry https://registry.npmjs.org/
114 silly mapToRegistry uri https://registry.npmjs.org/nan
115 verbose addNameVersion registry:https://registry.npmjs.org/nan not in flight; fetching
116 verbose get https://registry.npmjs.org/nan not expired, no request
117 silly cache afterAdd nan@2.0.5
118 verbose afterAdd C:\Users\rahul.upadhyaya\AppData\Roaming\npm-cache\nan\2.0.5\package\package.json not in flight; writing
119 verbose correctMkdir C:\Users\rahul.upadhyaya\AppData\Roaming\npm-cache correctMkdir not in flight; initializing
120 verbose afterAdd C:\Users\rahul.upadhyaya\AppData\Roaming\npm-cache\nan\2.0.5\package\package.json written
121 silly loadAllDepsIntoIdealTree Finishing
122 silly idealTree:prePrune hapijs@
122 silly idealTree:prePrune +-- bcrypt@0.8.5
122 silly idealTree:prePrune +-- bindings@1.2.1
122 silly idealTree:prePrune +-- boom@3.1.2
122 silly idealTree:prePrune +-- crypto@0.0.3
122 silly idealTree:prePrune +-- hapi-auth-basic@4.1.0
122 silly idealTree:prePrune +-- hapi-server-session@2.0.4
122 silly idealTree:prePrune +-- hapi@13.0.0
122 silly idealTree:prePrune | +-- accept@2.1.0
122 silly idealTree:prePrune | +-- ammo@2.0.0
122 silly idealTree:prePrune | +-- boom@3.1.1
122 silly idealTree:prePrune | +-- call@3.0.0
122 silly idealTree:prePrune | +-- catbox-memory@2.0.1
122 silly idealTree:prePrune | +-- catbox@7.1.0
122 silly idealTree:prePrune | +-- cryptiles@3.0.0
122 silly idealTree:prePrune | +-- heavy@4.0.0
122 silly idealTree:prePrune | +-- hoek@3.0.4
122 silly idealTree:prePrune | +-- iron@4.0.0
122 silly idealTree:prePrune | +-- items@2.0.0
122 silly idealTree:prePrune | +-- joi@7.1.0
122 silly idealTree:prePrune | | +-- isemail@2.1.0
122 silly idealTree:prePrune | | `-- moment@2.11.0
122 silly idealTree:prePrune | +-- kilt@2.0.0
122 silly idealTree:prePrune | +-- mimos@3.0.0
122 silly idealTree:prePrune | | `-- mime-db@1.20.0
122 silly idealTree:prePrune | +-- peekaboo@2.0.0
122 silly idealTree:prePrune | +-- shot@3.0.0
122 silly idealTree:prePrune | +-- statehood@4.0.0
122 silly idealTree:prePrune | +-- subtext@4.0.0
122 silly idealTree:prePrune | | +-- content@3.0.0
122 silly idealTree:prePrune | | +-- pez@2.0.1
122 silly idealTree:prePrune | | | +-- b64@3.0.0
122 silly idealTree:prePrune | | | `-- nigel@2.0.0
122 silly idealTree:prePrune | | |   `-- vise@2.0.0
122 silly idealTree:prePrune | | `-- wreck@7.0.0
122 silly idealTree:prePrune | `-- topo@2.0.0
122 silly idealTree:prePrune +-- hoek@3.0.4
122 silly idealTree:prePrune +-- inert@3.2.0
122 silly idealTree:prePrune | +-- ammo@1.0.1
122 silly idealTree:prePrune | +-- boom@2.10.1
122 silly idealTree:prePrune | +-- hoek@2.16.3
122 silly idealTree:prePrune | +-- items@1.1.1
122 silly idealTree:prePrune | +-- joi@6.10.1
122 silly idealTree:prePrune | | +-- isemail@1.2.0
122 silly idealTree:prePrune | | +-- moment@2.11.2
122 silly idealTree:prePrune | | `-- topo@1.1.0
122 silly idealTree:prePrune | `-- lru-cache@2.7.3
122 silly idealTree:prePrune +-- nan@2.0.5
122 silly idealTree:prePrune +-- path@0.12.7
122 silly idealTree:prePrune | +-- process@0.11.2
122 silly idealTree:prePrune | `-- util@0.10.3
122 silly idealTree:prePrune |   `-- inherits@2.0.1
122 silly idealTree:prePrune `-- when@3.7.7
123 silly loadIdealTree Finishing
124 silly currentTree hapijs@
124 silly currentTree +-- boom@3.1.2
124 silly currentTree +-- crypto@0.0.3
124 silly currentTree +-- hapi-auth-basic@4.1.0
124 silly currentTree +-- hapi-server-session@2.0.4
124 silly currentTree +-- hapi@13.0.0
124 silly currentTree | +-- accept@2.1.0
124 silly currentTree | +-- ammo@2.0.0
124 silly currentTree | +-- boom@3.1.1
124 silly currentTree | +-- call@3.0.0
124 silly currentTree | +-- catbox-memory@2.0.1
124 silly currentTree | +-- catbox@7.1.0
124 silly currentTree | +-- cryptiles@3.0.0
124 silly currentTree | +-- heavy@4.0.0
124 silly currentTree | +-- hoek@3.0.4
124 silly currentTree | +-- iron@4.0.0
124 silly currentTree | +-- items@2.0.0
124 silly currentTree | +-- joi@7.1.0
124 silly currentTree | | +-- isemail@2.1.0
124 silly currentTree | | `-- moment@2.11.0
124 silly currentTree | +-- kilt@2.0.0
124 silly currentTree | +-- mimos@3.0.0
124 silly currentTree | | `-- mime-db@1.20.0
124 silly currentTree | +-- peekaboo@2.0.0
124 silly currentTree | +-- shot@3.0.0
124 silly currentTree | +-- statehood@4.0.0
124 silly currentTree | +-- subtext@4.0.0
124 silly currentTree | | +-- content@3.0.0
124 silly currentTree | | +-- pez@2.0.1
124 silly currentTree | | | +-- b64@3.0.0
124 silly currentTree | | | `-- nigel@2.0.0
124 silly currentTree | | |   `-- vise@2.0.0
124 silly currentTree | | `-- wreck@7.0.0
124 silly currentTree | `-- topo@2.0.0
124 silly currentTree +-- hoek@3.0.4
124 silly currentTree +-- inert@3.2.0
124 silly currentTree | +-- ammo@1.0.1
124 silly currentTree | +-- boom@2.10.1
124 silly currentTree | +-- hoek@2.16.3
124 silly currentTree | +-- items@1.1.1
124 silly currentTree | +-- joi@6.10.1
124 silly currentTree | | +-- isemail@1.2.0
124 silly currentTree | | +-- moment@2.11.2
124 silly currentTree | | `-- topo@1.1.0
124 silly currentTree | `-- lru-cache@2.7.3
124 silly currentTree +-- path@0.12.7
124 silly currentTree | +-- process@0.11.2
124 silly currentTree | `-- util@0.10.3
124 silly currentTree |   `-- inherits@2.0.1
124 silly currentTree `-- when@3.7.7
125 silly idealTree hapijs@
125 silly idealTree +-- bcrypt@0.8.5
125 silly idealTree +-- bindings@1.2.1
125 silly idealTree +-- boom@3.1.2
125 silly idealTree +-- crypto@0.0.3
125 silly idealTree +-- hapi-auth-basic@4.1.0
125 silly idealTree +-- hapi-server-session@2.0.4
125 silly idealTree +-- hapi@13.0.0
125 silly idealTree | +-- accept@2.1.0
125 silly idealTree | +-- ammo@2.0.0
125 silly idealTree | +-- boom@3.1.1
125 silly idealTree | +-- call@3.0.0
125 silly idealTree | +-- catbox-memory@2.0.1
125 silly idealTree | +-- catbox@7.1.0
125 silly idealTree | +-- cryptiles@3.0.0
125 silly idealTree | +-- heavy@4.0.0
125 silly idealTree | +-- hoek@3.0.4
125 silly idealTree | +-- iron@4.0.0
125 silly idealTree | +-- items@2.0.0
125 silly idealTree | +-- joi@7.1.0
125 silly idealTree | | +-- isemail@2.1.0
125 silly idealTree | | `-- moment@2.11.0
125 silly idealTree | +-- kilt@2.0.0
125 silly idealTree | +-- mimos@3.0.0
125 silly idealTree | | `-- mime-db@1.20.0
125 silly idealTree | +-- peekaboo@2.0.0
125 silly idealTree | +-- shot@3.0.0
125 silly idealTree | +-- statehood@4.0.0
125 silly idealTree | +-- subtext@4.0.0
125 silly idealTree | | +-- content@3.0.0
125 silly idealTree | | +-- pez@2.0.1
125 silly idealTree | | | +-- b64@3.0.0
125 silly idealTree | | | `-- nigel@2.0.0
125 silly idealTree | | |   `-- vise@2.0.0
125 silly idealTree | | `-- wreck@7.0.0
125 silly idealTree | `-- topo@2.0.0
125 silly idealTree +-- hoek@3.0.4
125 silly idealTree +-- inert@3.2.0
125 silly idealTree | +-- ammo@1.0.1
125 silly idealTree | +-- boom@2.10.1
125 silly idealTree | +-- hoek@2.16.3
125 silly idealTree | +-- items@1.1.1
125 silly idealTree | +-- joi@6.10.1
125 silly idealTree | | +-- isemail@1.2.0
125 silly idealTree | | +-- moment@2.11.2
125 silly idealTree | | `-- topo@1.1.0
125 silly idealTree | `-- lru-cache@2.7.3
125 silly idealTree +-- nan@2.0.5
125 silly idealTree +-- path@0.12.7
125 silly idealTree | +-- process@0.11.2
125 silly idealTree | `-- util@0.10.3
125 silly idealTree |   `-- inherits@2.0.1
125 silly idealTree `-- when@3.7.7
126 silly generateActionsToTake Starting
127 silly install generateActionsToTake
128 silly generateActionsToTake Finishing
129 silly diffTrees action count 3
130 silly diffTrees add bindings@1.2.1
131 silly diffTrees add nan@2.0.5
132 silly diffTrees add bcrypt@0.8.5
133 silly decomposeActions action count 24
134 silly decomposeActions fetch bindings@1.2.1
135 silly decomposeActions extract bindings@1.2.1
136 silly decomposeActions test bindings@1.2.1
137 silly decomposeActions preinstall bindings@1.2.1
138 silly decomposeActions build bindings@1.2.1
139 silly decomposeActions install bindings@1.2.1
140 silly decomposeActions postinstall bindings@1.2.1
141 silly decomposeActions finalize bindings@1.2.1
142 silly decomposeActions fetch nan@2.0.5
143 silly decomposeActions extract nan@2.0.5
144 silly decomposeActions test nan@2.0.5
145 silly decomposeActions preinstall nan@2.0.5
146 silly decomposeActions build nan@2.0.5
147 silly decomposeActions install nan@2.0.5
148 silly decomposeActions postinstall nan@2.0.5
149 silly decomposeActions finalize nan@2.0.5
150 silly decomposeActions fetch bcrypt@0.8.5
151 silly decomposeActions extract bcrypt@0.8.5
152 silly decomposeActions test bcrypt@0.8.5
153 silly decomposeActions preinstall bcrypt@0.8.5
154 silly decomposeActions build bcrypt@0.8.5
155 silly decomposeActions install bcrypt@0.8.5
156 silly decomposeActions postinstall bcrypt@0.8.5
157 silly decomposeActions finalize bcrypt@0.8.5
158 silly executeActions Starting
159 silly install executeActions
160 silly doSerial global-install 0
161 silly doParallel fetch 3
162 verbose correctMkdir C:\Users\rahul.upadhyaya\AppData\Roaming\npm-cache\_locks correctMkdir not in flight; initializing
163 verbose lock using C:\Users\rahul.upadhyaya\AppData\Roaming\npm-cache\_locks\staging-6d4ee7b9793e0820.lock for E:\Codescope\JacksTriggersTest\Hapijs\node_modules\.staging
164 silly doParallel extract 3
165 silly extract bindings@1.2.1
166 silly extract nan@2.0.5
167 silly extract bcrypt@0.8.5
168 verbose unbuild node_modules\.staging\bindings-291cc485
169 verbose unbuild node_modules\.staging\nan-4d497d66
170 silly gentlyRm E:\Codescope\JacksTriggersTest\Hapijs\node_modules\.staging\bindings-291cc485 is being purged from base E:\Codescope\JacksTriggersTest\Hapijs
171 verbose gentlyRm don't care about contents; nuking E:\Codescope\JacksTriggersTest\Hapijs\node_modules\.staging\bindings-291cc485
172 silly gentlyRm E:\Codescope\JacksTriggersTest\Hapijs\node_modules\.staging\nan-4d497d66 is being purged from base E:\Codescope\JacksTriggersTest\Hapijs
173 verbose gentlyRm don't care about contents; nuking E:\Codescope\JacksTriggersTest\Hapijs\node_modules\.staging\nan-4d497d66
174 verbose tar unpack C:\Users\rahul.upadhyaya\AppData\Roaming\npm-cache\bindings\1.2.1\package.tgz
175 verbose tar unpacking to E:\Codescope\JacksTriggersTest\Hapijs\node_modules\.staging\bindings-291cc485
176 silly gentlyRm E:\Codescope\JacksTriggersTest\Hapijs\node_modules\.staging\bindings-291cc485 is being purged
177 verbose gentlyRm don't care about contents; nuking E:\Codescope\JacksTriggersTest\Hapijs\node_modules\.staging\bindings-291cc485
178 verbose unbuild node_modules\.staging\bcrypt-c29a4b81
179 verbose tar unpack C:\Users\rahul.upadhyaya\AppData\Roaming\npm-cache\nan\2.0.5\package.tgz
180 verbose tar unpacking to E:\Codescope\JacksTriggersTest\Hapijs\node_modules\.staging\nan-4d497d66
181 silly gentlyRm E:\Codescope\JacksTriggersTest\Hapijs\node_modules\.staging\nan-4d497d66 is being purged
182 verbose gentlyRm don't care about contents; nuking E:\Codescope\JacksTriggersTest\Hapijs\node_modules\.staging\nan-4d497d66
183 silly gunzTarPerm modes [ '777', '666' ]
184 silly gunzTarPerm modes [ '777', '666' ]
185 silly gentlyRm E:\Codescope\JacksTriggersTest\Hapijs\node_modules\.staging\bcrypt-c29a4b81 is being purged from base E:\Codescope\JacksTriggersTest\Hapijs
186 verbose gentlyRm don't care about contents; nuking E:\Codescope\JacksTriggersTest\Hapijs\node_modules\.staging\bcrypt-c29a4b81
187 verbose tar unpack C:\Users\rahul.upadhyaya\AppData\Roaming\npm-cache\bcrypt\0.8.5\package.tgz
188 verbose tar unpacking to E:\Codescope\JacksTriggersTest\Hapijs\node_modules\.staging\bcrypt-c29a4b81
189 silly gentlyRm E:\Codescope\JacksTriggersTest\Hapijs\node_modules\.staging\bcrypt-c29a4b81 is being purged
190 verbose gentlyRm don't care about contents; nuking E:\Codescope\JacksTriggersTest\Hapijs\node_modules\.staging\bcrypt-c29a4b81
191 silly gunzTarPerm modes [ '777', '666' ]
192 silly gunzTarPerm extractEntry package.json
193 silly gunzTarPerm modified mode [ 'package.json', 420, 438 ]
194 silly gunzTarPerm extractEntry package.json
195 silly gunzTarPerm modified mode [ 'package.json', 436, 438 ]
196 silly gunzTarPerm extractEntry package.json
197 silly gunzTarPerm modified mode [ 'package.json', 420, 438 ]
198 silly gunzTarPerm extractEntry README.md
199 silly gunzTarPerm modified mode [ 'README.md', 436, 438 ]
200 silly gunzTarPerm extractEntry include_dirs.js
201 silly gunzTarPerm modified mode [ 'include_dirs.js', 436, 438 ]
202 silly gunzTarPerm extractEntry nan_converters.h
203 silly gunzTarPerm modified mode [ 'nan_converters.h', 436, 438 ]
204 silly gunzTarPerm extractEntry LICENSE.md
205 silly gunzTarPerm modified mode [ 'LICENSE.md', 436, 438 ]
206 silly gunzTarPerm extractEntry .dntrc
207 silly gunzTarPerm modified mode [ '.dntrc', 436, 438 ]
208 silly gunzTarPerm extractEntry appveyor.yml
209 silly gunzTarPerm modified mode [ 'appveyor.yml', 436, 438 ]
210 silly gunzTarPerm extractEntry doc/new.md
211 silly gunzTarPerm modified mode [ 'doc/new.md', 436, 438 ]
212 silly gunzTarPerm extractEntry doc/.build.sh
213 silly gunzTarPerm modified mode [ 'doc/.build.sh', 509, 511 ]
214 silly gunzTarPerm extractEntry doc/buffers.md
215 silly gunzTarPerm modified mode [ 'doc/buffers.md', 436, 438 ]
216 silly gunzTarPerm extractEntry doc/callback.md
217 silly gunzTarPerm modified mode [ 'doc/callback.md', 436, 438 ]
218 silly gunzTarPerm extractEntry doc/converters.md
219 silly gunzTarPerm modified mode [ 'doc/converters.md', 436, 438 ]
220 silly gunzTarPerm extractEntry doc/errors.md
221 silly gunzTarPerm modified mode [ 'doc/errors.md', 436, 438 ]
222 silly gunzTarPerm extractEntry doc/maybe_types.md
223 silly gunzTarPerm modified mode [ 'doc/maybe_types.md', 436, 438 ]
224 silly gunzTarPerm extractEntry doc/methods.md
225 silly gunzTarPerm modified mode [ 'doc/methods.md', 436, 438 ]
226 silly gunzTarPerm extractEntry doc/asyncworker.md
227 silly gunzTarPerm modified mode [ 'doc/asyncworker.md', 436, 438 ]
228 silly gunzTarPerm extractEntry doc/node_misc.md
229 silly gunzTarPerm modified mode [ 'doc/node_misc.md', 436, 438 ]
230 silly gunzTarPerm extractEntry doc/persistent.md
231 silly gunzTarPerm modified mode [ 'doc/persistent.md', 436, 438 ]
232 silly gunzTarPerm extractEntry doc/scopes.md
233 silly gunzTarPerm modified mode [ 'doc/scopes.md', 436, 438 ]
234 silly gunzTarPerm extractEntry doc/script.md
235 silly gunzTarPerm modified mode [ 'doc/script.md', 436, 438 ]
236 silly gunzTarPerm extractEntry doc/string_bytes.md
237 silly gunzTarPerm modified mode [ 'doc/string_bytes.md', 436, 438 ]
238 silly gunzTarPerm extractEntry doc/v8_internals.md
239 silly gunzTarPerm modified mode [ 'doc/v8_internals.md', 436, 438 ]
240 silly gunzTarPerm extractEntry doc/v8_misc.md
241 silly gunzTarPerm modified mode [ 'doc/v8_misc.md', 436, 438 ]
242 silly gunzTarPerm extractEntry nan.h
243 silly gunzTarPerm modified mode [ 'nan.h', 436, 438 ]
244 silly gunzTarPerm extractEntry nan_callbacks.h
245 silly gunzTarPerm modified mode [ 'nan_callbacks.h', 436, 438 ]
246 silly gunzTarPerm extractEntry nan_callbacks_12_inl.h
247 silly gunzTarPerm modified mode [ 'nan_callbacks_12_inl.h', 436, 438 ]
248 silly gunzTarPerm extractEntry nan_callbacks_pre_12_inl.h
249 silly gunzTarPerm modified mode [ 'nan_callbacks_pre_12_inl.h', 436, 438 ]
250 silly gunzTarPerm extractEntry nan_converters_43_inl.h
251 silly gunzTarPerm modified mode [ 'nan_converters_43_inl.h', 436, 438 ]
252 silly gunzTarPerm extractEntry nan_converters_pre_43_inl.h
253 silly gunzTarPerm modified mode [ 'nan_converters_pre_43_inl.h', 436, 438 ]
254 silly gunzTarPerm extractEntry nan_implementation_12_inl.h
255 silly gunzTarPerm modified mode [ 'nan_implementation_12_inl.h', 436, 438 ]
256 silly gunzTarPerm extractEntry nan_implementation_pre_12_inl.h
257 silly gunzTarPerm modified mode [ 'nan_implementation_pre_12_inl.h', 436, 438 ]
258 silly gunzTarPerm extractEntry nan_maybe_43_inl.h
259 silly gunzTarPerm modified mode [ 'nan_maybe_43_inl.h', 436, 438 ]
260 silly gunzTarPerm extractEntry nan_maybe_pre_43_inl.h
261 silly gunzTarPerm modified mode [ 'nan_maybe_pre_43_inl.h', 436, 438 ]
262 silly gunzTarPerm extractEntry nan_new.h
263 silly gunzTarPerm modified mode [ 'nan_new.h', 436, 438 ]
264 silly gunzTarPerm extractEntry nan_object_wrap.h
265 silly gunzTarPerm modified mode [ 'nan_object_wrap.h', 436, 438 ]
266 silly gunzTarPerm extractEntry nan_persistent_12_inl.h
267 silly gunzTarPerm modified mode [ 'nan_persistent_12_inl.h', 436, 438 ]
268 silly gunzTarPerm extractEntry nan_persistent_pre_12_inl.h
269 silly gunzTarPerm modified mode [ 'nan_persistent_pre_12_inl.h', 436, 438 ]
270 silly gunzTarPerm extractEntry nan_string_bytes.h
271 silly gunzTarPerm modified mode [ 'nan_string_bytes.h', 436, 438 ]
272 silly gunzTarPerm extractEntry nan_weak.h
273 silly gunzTarPerm modified mode [ 'nan_weak.h', 436, 438 ]
274 silly gunzTarPerm extractEntry CHANGELOG.md
275 silly gunzTarPerm modified mode [ 'CHANGELOG.md', 436, 438 ]
276 silly gunzTarPerm extractEntry tools/package.json
277 silly gunzTarPerm modified mode [ 'tools/package.json', 436, 438 ]
278 silly gunzTarPerm extractEntry tools/README.md
279 silly gunzTarPerm modified mode [ 'tools/README.md', 436, 438 ]
280 silly gunzTarPerm extractEntry tools/1to2.js
281 silly gunzTarPerm modified mode [ 'tools/1to2.js', 509, 511 ]
282 silly gunzTarPerm extractEntry .npmignore
283 silly gunzTarPerm modified mode [ '.npmignore', 420, 438 ]
284 silly gunzTarPerm extractEntry README.md
285 silly gunzTarPerm modified mode [ 'README.md', 420, 438 ]
286 silly gunzTarPerm extractEntry README.md
287 silly gunzTarPerm modified mode [ 'README.md', 420, 438 ]
288 silly gunzTarPerm extractEntry bindings.js
289 silly gunzTarPerm modified mode [ 'bindings.js', 420, 438 ]
290 silly gunzTarPerm extractEntry LICENSE
291 silly gunzTarPerm modified mode [ 'LICENSE', 420, 438 ]
292 silly gunzTarPerm extractEntry bcrypt.js
293 silly gunzTarPerm modified mode [ 'bcrypt.js', 420, 438 ]
294 silly gunzTarPerm extractEntry binding.gyp
295 silly gunzTarPerm modified mode [ 'binding.gyp', 420, 438 ]
296 silly gunzTarPerm extractEntry .travis.yml
297 silly gunzTarPerm modified mode [ '.travis.yml', 420, 438 ]
298 silly gunzTarPerm extractEntry CHANGELOG.md
299 silly gunzTarPerm modified mode [ 'CHANGELOG.md', 420, 438 ]
300 silly gunzTarPerm extractEntry examples/async_compare.js
301 silly gunzTarPerm modified mode [ 'examples/async_compare.js', 420, 438 ]
302 silly gunzTarPerm extractEntry examples/forever_gen_salt.js
303 silly gunzTarPerm modified mode [ 'examples/forever_gen_salt.js', 420, 438 ]
304 silly gunzTarPerm extractEntry test/async.js
305 silly gunzTarPerm modified mode [ 'test/async.js', 420, 438 ]
306 silly gunzTarPerm extractEntry test/repetitions.js
307 silly gunzTarPerm modified mode [ 'test/repetitions.js', 420, 438 ]
308 silly gunzTarPerm extractEntry test/sync.js
309 silly gunzTarPerm modified mode [ 'test/sync.js', 420, 438 ]
310 silly gunzTarPerm extractEntry Makefile
311 silly gunzTarPerm modified mode [ 'Makefile', 420, 438 ]
312 silly gunzTarPerm extractEntry src/bcrypt.cc
313 silly gunzTarPerm modified mode [ 'src/bcrypt.cc', 420, 438 ]
314 silly gunzTarPerm extractEntry src/bcrypt_node.cc
315 silly gunzTarPerm modified mode [ 'src/bcrypt_node.cc', 420, 438 ]
316 silly gunzTarPerm extractEntry src/blowfish.cc
317 silly gunzTarPerm modified mode [ 'src/blowfish.cc', 420, 438 ]
318 silly gunzTarPerm extractEntry src/node_blf.h
319 silly gunzTarPerm modified mode [ 'src/node_blf.h', 420, 438 ]
320 silly gentlyRm E:\Codescope\JacksTriggersTest\Hapijs\node_modules\.staging\bindings-291cc485\node_modules is being purged
321 verbose gentlyRm don't care about contents; nuking E:\Codescope\JacksTriggersTest\Hapijs\node_modules\.staging\bindings-291cc485\node_modules
322 silly gunzTarPerm extractEntry werker.yml
323 silly gunzTarPerm modified mode [ 'werker.yml', 420, 438 ]
324 silly gentlyRm E:\Codescope\JacksTriggersTest\Hapijs\node_modules\.staging\bcrypt-c29a4b81\node_modules is being purged
325 verbose gentlyRm don't care about contents; nuking E:\Codescope\JacksTriggersTest\Hapijs\node_modules\.staging\bcrypt-c29a4b81\node_modules
326 silly gentlyRm E:\Codescope\JacksTriggersTest\Hapijs\node_modules\.staging\nan-4d497d66\node_modules is being purged
327 verbose gentlyRm don't care about contents; nuking E:\Codescope\JacksTriggersTest\Hapijs\node_modules\.staging\nan-4d497d66\node_modules
328 silly doParallel preinstall 3
329 silly preinstall bindings@1.2.1 E:\Codescope\JacksTriggersTest\Hapijs\node_modules\.staging\bindings-291cc485
330 info lifecycle bindings@1.2.1~preinstall: bindings@1.2.1
331 silly preinstall nan@2.0.5 E:\Codescope\JacksTriggersTest\Hapijs\node_modules\.staging\nan-4d497d66
332 info lifecycle nan@2.0.5~preinstall: nan@2.0.5
333 silly preinstall bcrypt@0.8.5 E:\Codescope\JacksTriggersTest\Hapijs\node_modules\.staging\bcrypt-c29a4b81
334 info lifecycle bcrypt@0.8.5~preinstall: bcrypt@0.8.5
335 silly lifecycle bindings@1.2.1~preinstall: no script for preinstall, continuing
336 silly lifecycle nan@2.0.5~preinstall: no script for preinstall, continuing
337 silly lifecycle bcrypt@0.8.5~preinstall: no script for preinstall, continuing
338 silly doReverseSerial remove 0
339 silly doSerial move 0
340 silly doSerial finalize 3
341 silly finalize E:\Codescope\JacksTriggersTest\Hapijs\node_modules\bindings
342 silly finalize E:\Codescope\JacksTriggersTest\Hapijs\node_modules\nan
343 silly finalize E:\Codescope\JacksTriggersTest\Hapijs\node_modules\bcrypt
344 silly doSerial build 3
345 silly build bindings@1.2.1
346 info linkStuff bindings@1.2.1
347 silly linkStuff bindings@1.2.1 has E:\Codescope\JacksTriggersTest\Hapijs\node_modules as its parent node_modules
348 verbose linkBins bindings@1.2.1
349 verbose linkMans bindings@1.2.1
350 silly build nan@2.0.5
351 info linkStuff nan@2.0.5
352 silly linkStuff nan@2.0.5 has E:\Codescope\JacksTriggersTest\Hapijs\node_modules as its parent node_modules
353 verbose linkBins nan@2.0.5
354 verbose linkMans nan@2.0.5
355 silly build bcrypt@0.8.5
356 info linkStuff bcrypt@0.8.5
357 silly linkStuff bcrypt@0.8.5 has E:\Codescope\JacksTriggersTest\Hapijs\node_modules as its parent node_modules
358 verbose linkBins bcrypt@0.8.5
359 verbose linkMans bcrypt@0.8.5
360 silly doSerial global-link 0
361 silly doParallel update-linked 0
362 silly doSerial install 3
363 silly install bindings@1.2.1 E:\Codescope\JacksTriggersTest\Hapijs\node_modules\.staging\bindings-291cc485
364 info lifecycle bindings@1.2.1~install: bindings@1.2.1
365 silly lifecycle bindings@1.2.1~install: no script for install, continuing
366 silly install nan@2.0.5 E:\Codescope\JacksTriggersTest\Hapijs\node_modules\.staging\nan-4d497d66
367 info lifecycle nan@2.0.5~install: nan@2.0.5
368 silly lifecycle nan@2.0.5~install: no script for install, continuing
369 silly install bcrypt@0.8.5 E:\Codescope\JacksTriggersTest\Hapijs\node_modules\.staging\bcrypt-c29a4b81
370 info lifecycle bcrypt@0.8.5~install: bcrypt@0.8.5
371 verbose lifecycle bcrypt@0.8.5~install: unsafe-perm in lifecycle true
372 verbose lifecycle bcrypt@0.8.5~install: PATH: C:\Program Files\nodejs\node_modules\npm\bin\node-gyp-bin;E:\Codescope\JacksTriggersTest\Hapijs\node_modules\bcrypt\node_modules\.bin;E:\Codescope\JacksTriggersTest\Hapijs\node_modules\.bin;C:\Program Files\nodejs;C:\Users\rahul.upadhyaya\bin;C:\Program Files\Git\mingw64\bin;C:\Program Files\Git\usr\local\bin;C:\Program Files\Git\usr\bin;C:\Program Files\Git\usr\bin;C:\Program Files\Git\mingw64\bin;C:\Program Files\Git\usr\bin;C:\Users\rahul.upadhyaya\bin;C:\Program Files (x86)\Intel\iCLS Client;C:\Program Files\Intel\iCLS Client;C:\Windows\system32;C:\Windows;C:\Windows\System32\Wbem;C:\Windows\System32\WindowsPowerShell\v1.0;C:\Program Files\Intel\Intel(R) Management Engine Components\DAL;C:\Program Files\Intel\Intel(R) Management Engine Components\IPT;C:\Program Files (x86)\Intel\Intel(R) Management Engine Components\DAL;C:\Program Files (x86)\Intel\Intel(R) Management Engine Components\IPT;C:\Program Files\Intel\WiFi\bin;C:\Program Files\Common Files\Intel\WirelessCommon;C:\Program Files\Google\Google Apps Sync;C:\Program Files\Google\Google Apps Migration;C:\PHP;C:\Program Files (x86)\Heroku\bin;C:\Program Files (x86)\git\cmd;C:\Program Files (x86)\Microsoft ASP.NET\ASP.NET Web Pages\v1.0;C:\Program Files (x86)\Windows Kits\8.0\Windows Performance Toolkit;C:\Program Files\Microsoft SQL Server\110\Tools\Binn;C:\Program Files\nodejs;C:\Program Files (x86)\Sennheiser\SoftphoneSDK;C:\Program Files (x86)\WebEx\Productivity Tools;C:\Ruby22-x64\bin;C:\Program Files (x86)\Deployd\bin;C:\Program Files\Java\jre7\bin;C:\Users\rahul.upadhyaya\AppData\Local\.meteor;C:\Users\rahul.upadhyaya\AppData\Roaming\npm;C:\Program Files\Git\usr\bin;C:\Users\rahul.upadhyaya\AppData\Local\atom\bin;C:\Program Files\MongoDB 2.6 Standard\bin;C:\Program Files\RabbitMQ Server\rabbitmq_server-3.6.0\sbin;C:\Program Files\Git\usr\bin\vendor_perl;C:\Program Files\Git\usr\bin\core_perl
373 verbose lifecycle bcrypt@0.8.5~install: CWD: E:\Codescope\JacksTriggersTest\Hapijs\node_modules\bcrypt
374 silly lifecycle bcrypt@0.8.5~install: Args: [ '/d /s /c', 'node-gyp rebuild' ]
375 silly lifecycle bcrypt@0.8.5~install: Returned: code: 1  signal: null
376 info lifecycle bcrypt@0.8.5~install: Failed to exec install script
377 verbose unlock done using C:\Users\rahul.upadhyaya\AppData\Roaming\npm-cache\_locks\staging-6d4ee7b9793e0820.lock for E:\Codescope\JacksTriggersTest\Hapijs\node_modules\.staging
378 silly rollbackFailedOptional Starting
379 silly rollbackFailedOptional Finishing
380 silly runTopLevelLifecycles Starting
381 silly runTopLevelLifecycles Finishing
382 silly install printInstalled
383 warn hapi-server-session@2.0.4 requires a peer of hapi@^8.8.0 || ^9.0.0 || ^10.0.0 || ^11.0.0 but none was installed.
384 warn hapijs@ No description
385 warn hapijs@ No repository field.
386 verbose stack Error: bcrypt@0.8.5 install: `node-gyp rebuild`
386 verbose stack Exit status 1
386 verbose stack     at EventEmitter.<anonymous> (C:\Program Files\nodejs\node_modules\npm\lib\utils\lifecycle.js:239:16)
386 verbose stack     at emitTwo (events.js:87:13)
386 verbose stack     at EventEmitter.emit (events.js:172:7)
386 verbose stack     at ChildProcess.<anonymous> (C:\Program Files\nodejs\node_modules\npm\lib\utils\spawn.js:24:14)
386 verbose stack     at emitTwo (events.js:87:13)
386 verbose stack     at ChildProcess.emit (events.js:172:7)
386 verbose stack     at maybeClose (internal/child_process.js:818:16)
386 verbose stack     at Process.ChildProcess._handle.onexit (internal/child_process.js:211:5)
387 verbose pkgid bcrypt@0.8.5
388 verbose cwd E:\Codescope\JacksTriggersTest\Hapijs
389 error Windows_NT 6.1.7601
390 error argv "C:\\Program Files\\nodejs\\node.exe" "C:\\Program Files\\nodejs\\node_modules\\npm\\bin\\npm-cli.js" "install" "bcrypt" "--save"
391 error node v4.2.3
392 error npm  v3.7.5
393 error code ELIFECYCLE
394 error bcrypt@0.8.5 install: `node-gyp rebuild`
394 error Exit status 1
395 error Failed at the bcrypt@0.8.5 install script 'node-gyp rebuild'.
395 error Make sure you have the latest version of node.js and npm installed.
395 error If you do, this is most likely a problem with the bcrypt package,
395 error not with npm itself.
395 error Tell the author that this fails on your system:
395 error     node-gyp rebuild
395 error You can get information on how to open an issue for this project with:
395 error     npm bugs bcrypt
395 error Or if that isn't available, you can get their info via:
395 error     npm owner ls bcrypt
395 error There is likely additional logging output above.
396 verbose exit [ 1, true ]
